<?xml version="1.0"?><coverage lines-covered="7792" lines-valid="17408" line-rate="0.4476102941176471" branches-covered="0" branches-valid="0" branch-rate="0" complexity="0" version="1.9" timestamp="1764859787"><sources><source>/Users/rlemeill/Development/rust-photoacoustic/rust</source></sources><packages><package name="src/visualization/api/computing" line-rate="1" branch-rate="0" complexity="0"><classes><class name="mod" filename="src/visualization/api/computing/mod.rs" line-rate="1" branch-rate="0" complexity="0"><methods/><lines><line number="55" hits="8"/><line number="57" hits="24"/><line number="58" hits="8"/><line number="59" hits="16"/><line number="60" hits="16"/><line number="61" hits="8"/><line number="62" hits="8"/><line number="72" hits="8"/><line number="73" hits="8"/><line number="74" hits="8"/><line number="75" hits="8"/><line number="82" hits="24"/><line number="101" hits="40"/><line number="102" hits="40"/></lines></class></classes></package><package name="oxide-auth-patched/oxide-auth-db/src/db_service" line-rate="0" branch-rate="0" complexity="0"><classes></classes></package><package name="okapi-patched/examples/raw_identifiers/src" line-rate="0" branch-rate="0" complexity="0"><classes></classes></package><package name="okapi-patched/rocket-okapi/src" line-rate="0.5374149659863946" branch-rate="0" complexity="0"><classes><class name="error" filename="okapi-patched/rocket-okapi/src/error.rs" line-rate="0" branch-rate="0" complexity="0"><methods/><lines><line number="17" hits="0"/><line number="23" hits="0"/><line number="24" hits="0"/><line number="31" hits="0"/><line number="32" hits="0"/></lines></class><class name="gen" filename="okapi-patched/rocket-okapi/src/gen.rs" line-rate="0.8125" branch-rate="0" complexity="0"><methods/><lines><line number="27" hits="1269"/><line number="29" hits="5076"/><line number="30" hits="3807"/><line number="31" hits="1269"/><line number="32" hits="1269"/><line number="37" hits="3051"/><line number="38" hits="12204"/><line number="42" hits="3978"/><line number="43" hits="11934"/><line number="45" hits="11934"/><line number="47" hits="7956"/><line number="48" hits="234"/><line number="49" hits="702"/><line number="50" hits="936"/><line number="54" hits="0"/><line number="57" hits="7488"/><line number="58" hits="11232"/><line number="59" hits="18720"/><line number="60" hits="7488"/><line number="66" hits="8049"/><line number="67" hits="24147"/><line number="72" hits="0"/><line number="73" hits="0"/><line number="77" hits="368"/><line number="78" hits="1104"/><line number="83" hits="1269"/><line number="84" hits="2538"/><line number="85" hits="3807"/><line number="88" hits="3807"/><line number="89" hits="5409"/><line number="90" hits="4140"/><line number="93" hits="6345"/><line number="94" hits="52029"/><line number="95" hits="133245"/><line number="100" hits="2538"/><line number="121" hits="3978"/><line number="123" hits="7956"/><line number="124" hits="3132"/><line number="125" hits="0"/><line number="126" hits="612"/><line number="127" hits="0"/><line number="128" hits="234"/><line number="129" hits="0"/><line number="130" hits="0"/><line number="131" hits="0"/><line number="133" hits="0"/><line number="135" hits="11934"/><line number="136" hits="11934"/></lines></class><class name="lib" filename="okapi-patched/rocket-okapi/src/lib.rs" line-rate="1" branch-rate="0" complexity="0"><methods/><lines><line number="122" hits="234"/><line number="126" hits="936"/><line number="315" hits="1128"/></lines></class><class name="rapidoc" filename="okapi-patched/rocket-okapi/src/rapidoc.rs" line-rate="0.8370786516853933" branch-rate="0" complexity="0"><methods/><lines><line number="159" hits="468"/><line number="161" hits="936"/><line number="163" hits="1404"/><line number="166" hits="1404"/><line number="167" hits="468"/><line number="214" hits="234"/><line number="217" hits="702"/><line number="218" hits="702"/><line number="219" hits="702"/><line number="220" hits="702"/><line number="222" hits="702"/><line number="223" hits="702"/><line number="226" hits="234"/><line number="279" hits="234"/><line number="283" hits="702"/><line number="284" hits="702"/><line number="285" hits="702"/><line number="286" hits="702"/><line number="287" hits="702"/><line number="288" hits="702"/><line number="324" hits="234"/><line number="328" hits="234"/><line number="422" hits="468"/><line number="482" hits="234"/><line number="526" hits="234"/><line number="528" hits="702"/><line number="529" hits="702"/><line number="530" hits="702"/><line number="532" hits="468"/><line number="692" hits="234"/><line number="694" hits="234"/><line number="695" hits="234"/><line number="697" hits="234"/><line number="698" hits="234"/><line number="699" hits="0"/><line number="740" hits="234"/><line number="742" hits="234"/><line number="743" hits="234"/><line number="745" hits="234"/><line number="746" hits="234"/><line number="747" hits="0"/><line number="748" hits="0"/><line number="749" hits="0"/><line number="750" hits="0"/><line number="751" hits="0"/><line number="752" hits="0"/><line number="753" hits="0"/><line number="754" hits="0"/><line number="806" hits="0"/><line number="808" hits="0"/><line number="809" hits="0"/><line number="811" hits="0"/><line number="812" hits="0"/><line number="813" hits="0"/><line number="814" hits="0"/><line number="823" hits="2574"/><line number="824" hits="7722"/><line number="825" hits="10296"/><line number="844" hits="234"/><line number="845" hits="702"/><line number="846" hits="234"/><line number="848" hits="0"/><line number="850" hits="234"/><line number="853" hits="1638"/><line number="854" hits="1638"/><line number="855" hits="702"/><line number="856" hits="2808"/><line number="860" hits="234"/><line number="861" hits="234"/><line number="862" hits="468"/><line number="866" hits="0"/><line number="870" hits="234"/><line number="871" hits="702"/><line number="872" hits="234"/><line number="874" hits="0"/><line number="876" hits="234"/><line number="879" hits="234"/><line number="880" hits="702"/><line number="881" hits="234"/><line number="882" hits="0"/><line number="884" hits="0"/><line number="885" hits="0"/><line number="889" hits="0"/><line number="890" hits="0"/><line number="891" hits="0"/><line number="896" hits="0"/><line number="898" hits="234"/><line number="902" hits="234"/><line number="903" hits="468"/><line number="904" hits="702"/><line number="905" hits="0"/><line number="907" hits="468"/><line number="909" hits="234"/><line number="910" hits="702"/><line number="912" hits="936"/><line number="913" hits="702"/><line number="914" hits="702"/><line number="915" hits="702"/><line number="916" hits="702"/><line number="917" hits="702"/><line number="918" hits="702"/><line number="919" hits="702"/><line number="920" hits="702"/><line number="922" hits="702"/><line number="923" hits="702"/><line number="924" hits="702"/><line number="925" hits="702"/><line number="926" hits="702"/><line number="927" hits="702"/><line number="928" hits="702"/><line number="929" hits="702"/><line number="930" hits="702"/><line number="931" hits="936"/><line number="932" hits="936"/><line number="934" hits="702"/><line number="935" hits="702"/><line number="936" hits="702"/><line number="937" hits="702"/><line number="938" hits="702"/><line number="939" hits="702"/><line number="940" hits="702"/><line number="941" hits="702"/><line number="942" hits="702"/><line number="943" hits="702"/><line number="944" hits="702"/><line number="946" hits="702"/><line number="947" hits="702"/><line number="948" hits="702"/><line number="950" hits="702"/><line number="951" hits="702"/><line number="952" hits="702"/><line number="953" hits="702"/><line number="954" hits="702"/><line number="955" hits="702"/><line number="956" hits="702"/><line number="957" hits="702"/><line number="958" hits="702"/><line number="959" hits="702"/><line number="960" hits="702"/><line number="961" hits="702"/><line number="962" hits="702"/><line number="963" hits="702"/><line number="965" hits="702"/><line number="966" hits="702"/><line number="967" hits="702"/><line number="968" hits="702"/><line number="969" hits="702"/><line number="970" hits="702"/><line number="972" hits="702"/><line number="973" hits="702"/><line number="974" hits="702"/><line number="975" hits="1404"/><line number="976" hits="702"/><line number="977" hits="1404"/><line number="979" hits="702"/><line number="980" hits="702"/><line number="981" hits="936"/><line number="982" hits="936"/><line number="983" hits="936"/><line number="984" hits="936"/><line number="985" hits="936"/><line number="986" hits="936"/><line number="987" hits="936"/><line number="988" hits="702"/><line number="989" hits="702"/><line number="992" hits="468"/><line number="993" hits="702"/><line number="994" hits="0"/><line number="997" hits="234"/><line number="999" hits="0"/><line number="1001" hits="68562"/><line number="1003" hits="68328"/><line number="1006" hits="234"/><line number="1007" hits="468"/><line number="1009" hits="936"/><line number="1010" hits="234"/><line number="1012" hits="234"/><line number="1013" hits="234"/></lines></class><class name="settings" filename="okapi-patched/rocket-okapi/src/settings.rs" line-rate="1" branch-rate="0" complexity="0"><methods/><lines><line number="15" hits="1503"/><line number="17" hits="3006"/><line number="18" hits="1503"/><line number="26" hits="1269"/><line number="45" hits="234"/><line number="47" hits="702"/><line number="48" hits="234"/></lines></class><class name="swagger_ui" filename="okapi-patched/rocket-okapi/src/swagger_ui.rs" line-rate="0" branch-rate="0" complexity="0"><methods/><lines><line number="52" hits="0"/><line number="53" hits="0"/><line number="113" hits="0"/><line number="115" hits="0"/><line number="116" hits="0"/><line number="124" hits="0"/><line number="134" hits="0"/><line number="135" hits="0"/><line number="136" hits="0"/><line number="137" hits="0"/><line number="139" hits="0"/><line number="141" hits="0"/><line number="142" hits="0"/><line number="143" hits="0"/><line number="144" hits="0"/><line number="145" hits="0"/><line number="146" hits="0"/><line number="147" hits="0"/></lines></class><class name="util" filename="okapi-patched/rocket-okapi/src/util.rs" line-rate="0.5480769230769231" branch-rate="0" complexity="0"><methods/><lines><line number="9" hits="6336"/><line number="10" hits="19008"/><line number="12" hits="12672"/><line number="13" hits="0"/><line number="15" hits="19008"/><line number="17" hits="18072"/><line number="18" hits="5868"/><line number="19" hits="35208"/><line number="21" hits="6336"/><line number="26" hits="13653"/><line number="27" hits="13653"/><line number="28" hits="13653"/><line number="29" hits="40959"/><line number="30" hits="40959"/><line number="35" hits="0"/><line number="36" hits="0"/><line number="38" hits="0"/><line number="39" hits="0"/><line number="42" hits="0"/><line number="45" hits="0"/><line number="46" hits="0"/><line number="47" hits="0"/><line number="48" hits="0"/><line number="60" hits="0"/><line number="63" hits="0"/><line number="64" hits="0"/><line number="65" hits="0"/><line number="67" hits="0"/><line number="69" hits="0"/><line number="70" hits="0"/><line number="75" hits="720"/><line number="76" hits="720"/><line number="77" hits="720"/><line number="78" hits="2160"/><line number="79" hits="2160"/><line number="83" hits="6804"/><line number="89" hits="27216"/><line number="90" hits="27216"/><line number="91" hits="6804"/><line number="96" hits="10332"/><line number="102" hits="10332"/><line number="103" hits="30996"/><line number="104" hits="10332"/><line number="105" hits="20664"/><line number="109" hits="0"/><line number="110" hits="0"/><line number="111" hits="0"/><line number="112" hits="0"/><line number="113" hits="0"/><line number="114" hits="0"/><line number="116" hits="0"/><line number="117" hits="0"/><line number="120" hits="0"/><line number="121" hits="0"/><line number="123" hits="0"/><line number="127" hits="6804"/><line number="134" hits="6804"/><line number="137" hits="34020"/><line number="141" hits="4482"/><line number="143" hits="17928"/><line number="144" hits="8964"/><line number="145" hits="8964"/><line number="147" hits="21654"/><line number="149" hits="5724"/><line number="150" hits="5724"/><line number="151" hits="11448"/><line number="152" hits="17172"/><line number="154" hits="5724"/><line number="155" hits="34344"/><line number="157" hits="4482"/><line number="160" hits="30456"/><line number="161" hits="30456"/><line number="162" hits="0"/><line number="163" hits="0"/><line number="165" hits="60912"/><line number="169" hits="39258"/><line number="170" hits="117774"/><line number="171" hits="39258"/><line number="174" hits="11592"/><line number="175" hits="34776"/><line number="176" hits="11592"/><line number="177" hits="0"/><line number="178" hits="0"/><line number="180" hits="0"/><line number="183" hits="23184"/><line number="184" hits="25704"/><line number="185" hits="10584"/><line number="191" hits="46368"/><line number="192" hits="46368"/><line number="193" hits="23184"/><line number="197" hits="0"/><line number="199" hits="0"/><line number="200" hits="0"/><line number="201" hits="0"/><line number="206" hits="0"/><line number="207" hits="0"/><line number="211" hits="0"/><line number="215" hits="0"/><line number="216" hits="0"/><line number="217" hits="0"/><line number="218" hits="0"/><line number="220" hits="0"/><line number="221" hits="0"/><line number="222" hits="0"/></lines></class></classes></package><package name="examples" line-rate="0" branch-rate="0" complexity="0"><classes></classes></package><package name="okapi-patched/rocket-okapi-codegen/src/openapi_attr" line-rate="0" branch-rate="0" complexity="0"><classes><class name="mod" filename="okapi-patched/rocket-okapi-codegen/src/openapi_attr/mod.rs" line-rate="0" branch-rate="0" complexity="0"><methods/><lines><line number="439" hits="0"/><line number="440" hits="0"/><line number="441" hits="0"/><line number="442" hits="0"/><line number="443" hits="0"/><line number="447" hits="0"/><line number="448" hits="0"/><line number="449" hits="0"/><line number="453" hits="0"/></lines></class><class name="route_attr" filename="okapi-patched/rocket-okapi-codegen/src/openapi_attr/route_attr.rs" line-rate="0" branch-rate="0" complexity="0"><methods/><lines><line number="244" hits="0"/><line number="245" hits="0"/><line number="246" hits="0"/><line number="247" hits="0"/><line number="248" hits="0"/><line number="249" hits="0"/><line number="252" hits="0"/><line number="253" hits="0"/><line number="255" hits="0"/><line number="256" hits="0"/><line number="257" hits="0"/></lines></class></classes></package><package name="src/visualization/api/system" line-rate="0.5507246376811594" branch-rate="0" complexity="0"><classes><class name="mod" filename="src/visualization/api/system/mod.rs" line-rate="0.5507246376811594" branch-rate="0" complexity="0"><methods/><lines><line number="169" hits="0"/><line number="170" hits="0"/><line number="171" hits="0"/><line number="172" hits="0"/><line number="174" hits="0"/><line number="176" hits="0"/><line number="177" hits="0"/><line number="178" hits="0"/><line number="179" hits="0"/><line number="180" hits="0"/><line number="183" hits="0"/><line number="189" hits="0"/><line number="223" hits="0"/><line number="224" hits="0"/><line number="227" hits="0"/><line number="228" hits="0"/><line number="229" hits="0"/><line number="230" hits="0"/><line number="231" hits="0"/><line number="236" hits="6"/><line number="240" hits="12"/><line number="241" hits="12"/><line number="244" hits="8"/><line number="245" hits="10"/><line number="246" hits="4"/><line number="247" hits="4"/><line number="248" hits="8"/><line number="249" hits="10"/><line number="250" hits="4"/><line number="251" hits="4"/><line number="255" hits="18"/><line number="256" hits="8"/><line number="257" hits="10"/><line number="258" hits="4"/><line number="259" hits="4"/><line number="260" hits="6"/><line number="261" hits="0"/><line number="262" hits="0"/><line number="263" hits="0"/><line number="265" hits="0"/><line number="269" hits="8"/><line number="270" hits="10"/><line number="271" hits="4"/><line number="272" hits="4"/><line number="276" hits="8"/><line number="277" hits="2"/><line number="278" hits="0"/><line number="279" hits="0"/><line number="280" hits="0"/><line number="282" hits="0"/><line number="283" hits="0"/><line number="286" hits="2"/><line number="287" hits="0"/><line number="288" hits="0"/><line number="289" hits="0"/><line number="292" hits="6"/><line number="293" hits="6"/><line number="294" hits="2"/><line number="295" hits="2"/><line number="301" hits="12"/><line number="303" hits="12"/><line number="306" hits="2"/><line number="308" hits="4"/><line number="310" hits="2"/><line number="313" hits="8"/><line number="314" hits="2"/><line number="317" hits="6"/><line number="330" hits="128"/><line number="331" hits="128"/></lines></class></classes></package><package name="oxide-auth-patched/oxide-auth-rouille/examples" line-rate="0" branch-rate="0" complexity="0"><classes></classes></package><package name="okapi-patched/rocket-okapi-codegen/src" line-rate="0" branch-rate="0" complexity="0"><classes></classes></package><package name="src/visualization/jwt" line-rate="0" branch-rate="0" complexity="0"><classes><class name="jwt_extension" filename="src/visualization/jwt/jwt_extension.rs" line-rate="0" branch-rate="0" complexity="0"><methods/><lines><line number="32" hits="0"/><line number="33" hits="0"/><line number="34" hits="0"/><line number="36" hits="0"/><line number="39" hits="0"/><line number="40" hits="0"/><line number="43" hits="0"/></lines></class></classes></package><package name="okapi-patched/examples/nested/src/api" line-rate="0" branch-rate="0" complexity="0"><classes></classes></package><package name="src/visualization/api/get" line-rate="0.06451612903225806" branch-rate="0" complexity="0"><classes><class name="config" filename="src/visualization/api/get/config.rs" line-rate="1" branch-rate="0" complexity="0"><methods/><lines><line number="154" hits="208"/><line number="155" hits="208"/></lines></class><class name="thermal" filename="src/visualization/api/get/thermal.rs" line-rate="0.03333333333333333" branch-rate="0" complexity="0"><methods/><lines><line number="411" hits="0"/><line number="461" hits="0"/><line number="474" hits="0"/><line number="476" hits="0"/><line number="477" hits="0"/><line number="479" hits="0"/><line number="480" hits="0"/><line number="482" hits="0"/><line number="483" hits="0"/><line number="484" hits="0"/><line number="485" hits="0"/><line number="486" hits="0"/><line number="492" hits="0"/><line number="494" hits="0"/><line number="497" hits="0"/><line number="498" hits="0"/><line number="500" hits="0"/><line number="501" hits="0"/><line number="502" hits="0"/><line number="503" hits="0"/><line number="505" hits="0"/><line number="509" hits="0"/><line number="510" hits="0"/><line number="511" hits="0"/><line number="515" hits="0"/><line number="519" hits="0"/><line number="520" hits="0"/><line number="526" hits="0"/><line number="529" hits="0"/><line number="530" hits="0"/><line number="531" hits="0"/><line number="533" hits="0"/><line number="536" hits="0"/><line number="537" hits="0"/><line number="539" hits="0"/><line number="540" hits="0"/><line number="542" hits="0"/><line number="546" hits="0"/><line number="547" hits="0"/><line number="548" hits="0"/><line number="549" hits="0"/><line number="550" hits="0"/><line number="551" hits="0"/><line number="568" hits="0"/><line number="569" hits="0"/><line number="580" hits="40"/><line number="581" hits="40"/><line number="604" hits="0"/><line number="605" hits="0"/><line number="606" hits="0"/><line number="607" hits="0"/><line number="608" hits="0"/><line number="609" hits="0"/><line number="614" hits="0"/><line number="615" hits="0"/><line number="616" hits="0"/><line number="617" hits="0"/><line number="618" hits="0"/><line number="619" hits="0"/><line number="620" hits="0"/></lines></class></classes></package><package name="oxide-auth-patched/oxide-auth-rocket/src" line-rate="0.5" branch-rate="0" complexity="0"><classes><class name="failure" filename="oxide-auth-patched/oxide-auth-rocket/src/failure.rs" line-rate="0" branch-rate="0" complexity="0"><methods/><lines><line number="23" hits="0"/><line number="24" hits="0"/><line number="25" hits="0"/><line number="26" hits="0"/><line number="31" hits="0"/><line number="32" hits="0"/><line number="33" hits="0"/><line number="34" hits="0"/><line number="46" hits="0"/><line number="47" hits="0"/><line number="48" hits="0"/><line number="49" hits="0"/><line number="55" hits="0"/><line number="56" hits="0"/><line number="61" hits="0"/><line number="62" hits="0"/></lines></class><class name="lib" filename="oxide-auth-patched/oxide-auth-rocket/src/lib.rs" line-rate="0.5588235294117647" branch-rate="0" complexity="0"><methods/><lines><line number="70" hits="216"/><line number="71" hits="324"/><line number="73" hits="216"/><line number="74" hits="540"/><line number="75" hits="0"/><line number="76" hits="0"/><line number="77" hits="0"/><line number="80" hits="432"/><line number="81" hits="432"/><line number="82" hits="324"/><line number="84" hits="108"/><line number="119" hits="0"/><line number="120" hits="0"/><line number="121" hits="0"/><line number="122" hits="0"/><line number="124" hits="0"/><line number="126" hits="0"/><line number="127" hits="0"/><line number="129" hits="0"/><line number="130" hits="0"/><line number="132" hits="0"/><line number="133" hits="0"/><line number="136" hits="0"/><line number="137" hits="0"/><line number="138" hits="0"/><line number="141" hits="45"/><line number="142" hits="225"/><line number="143" hits="45"/><line number="146" hits="126"/><line number="147" hits="126"/><line number="148" hits="126"/><line number="152" hits="126"/><line number="153" hits="126"/><line number="154" hits="378"/><line number="155" hits="126"/><line number="156" hits="126"/><line number="159" hits="0"/><line number="160" hits="0"/><line number="161" hits="0"/><line number="162" hits="0"/><line number="163" hits="0"/><line number="166" hits="108"/><line number="167" hits="108"/><line number="168" hits="324"/><line number="169" hits="108"/><line number="170" hits="108"/><line number="174" hits="324"/><line number="175" hits="972"/><line number="180" hits="324"/><line number="182" hits="648"/><line number="183" hits="648"/><line number="184" hits="648"/><line number="186" hits="1944"/><line number="188" hits="504"/><line number="189" hits="450"/><line number="191" hits="324"/><line number="192" hits="0"/><line number="194" hits="648"/><line number="195" hits="1296"/><line number="228" hits="0"/><line number="229" hits="0"/><line number="231" hits="0"/><line number="234" hits="0"/><line number="237" hits="0"/><line number="240" hits="0"/><line number="243" hits="0"/><line number="256" hits="270"/><line number="261" hits="1944"/><line number="262" hits="540"/><line number="263" hits="540"/><line number="264" hits="0"/><line number="267" hits="810"/><line number="268" hits="432"/><line number="269" hits="162"/><line number="272" hits="1080"/><line number="273" hits="810"/><line number="276" hits="540"/><line number="277" hits="0"/><line number="279" hits="540"/><line number="297" hits="216"/><line number="311" hits="108"/><line number="331" hits="432"/><line number="332" hits="216"/><line number="333" hits="0"/><line number="334" hits="0"/><line number="335" hits="0"/><line number="338" hits="108"/><line number="340" hits="0"/><line number="341" hits="0"/><line number="344" hits="108"/><line number="345" hits="216"/><line number="346" hits="0"/><line number="354" hits="171"/><line number="355" hits="171"/><line number="372" hits="252"/><line number="373" hits="252"/><line number="374" hits="504"/><line number="375" hits="0"/><line number="379" hits="216"/><line number="380" hits="432"/><line number="381" hits="0"/><line number="382" hits="432"/><line number="383" hits="0"/><line number="387" hits="108"/><line number="388" hits="324"/><line number="395" hits="0"/><line number="396" hits="0"/><line number="398" hits="0"/><line number="401" hits="45"/><line number="402" hits="45"/><line number="409" hits="90"/><line number="412" hits="45"/><line number="415" hits="27"/><line number="416" hits="27"/><line number="417" hits="27"/><line number="420" hits="0"/><line number="421" hits="0"/><line number="422" hits="0"/><line number="423" hits="0"/><line number="426" hits="0"/><line number="427" hits="0"/><line number="428" hits="0"/><line number="431" hits="108"/><line number="432" hits="324"/><line number="433" hits="108"/><line number="440" hits="324"/><line number="441" hits="162"/><line number="446" hits="0"/><line number="447" hits="0"/><line number="448" hits="0"/><line number="449" hits="0"/><line number="450" hits="0"/><line number="451" hits="0"/><line number="452" hits="0"/><line number="471" hits="0"/><line number="472" hits="0"/></lines></class></classes></package><package name="okapi-patched/examples/custom_schema/src" line-rate="0" branch-rate="0" complexity="0"><classes><class name="error" filename="okapi-patched/examples/custom_schema/src/error.rs" line-rate="0" branch-rate="0" complexity="0"><methods/><lines><line number="90" hits="0"/><line number="92" hits="0"/><line number="93" hits="0"/><line number="94" hits="0"/><line number="95" hits="0"/><line number="96" hits="0"/></lines></class></classes></package><package name="oxide-auth-patched/oxide-auth-rocket/examples" line-rate="0" branch-rate="0" complexity="0"><classes><class name="rocket" filename="oxide-auth-patched/oxide-auth-rocket/examples/rocket.rs" line-rate="0" branch-rate="0" complexity="0"><methods/><lines><line number="31" hits="0"/><line number="33" hits="0"/><line number="35" hits="0"/><line number="36" hits="0"/><line number="43" hits="0"/><line number="44" hits="0"/><line number="46" hits="0"/><line number="47" hits="0"/><line number="50" hits="0"/><line number="51" hits="0"/><line number="58" hits="0"/><line number="61" hits="0"/><line number="62" hits="0"/><line number="69" hits="0"/><line number="72" hits="0"/><line number="73" hits="0"/><line number="77" hits="0"/><line number="85" hits="0"/><line number="87" hits="0"/><line number="89" hits="0"/><line number="90" hits="0"/><line number="91" hits="0"/><line number="92" hits="0"/><line number="93" hits="0"/><line number="95" hits="0"/><line number="97" hits="0"/><line number="160" hits="0"/><line number="163" hits="0"/><line number="167" hits="0"/><line number="168" hits="0"/><line number="169" hits="0"/><line number="171" hits="0"/></lines></class></classes></package><package name="src/acquisition" line-rate="0.5203094777562862" branch-rate="0" complexity="0"><classes><class name="daemon" filename="src/acquisition/daemon.rs" line-rate="0.56" branch-rate="0" complexity="0"><methods/><lines><line number="43" hits="2"/><line number="46" hits="6"/><line number="47" hits="6"/><line number="48" hits="4"/><line number="54" hits="2"/><line number="55" hits="2"/><line number="59" hits="4"/><line number="60" hits="4"/><line number="61" hits="0"/><line number="62" hits="0"/><line number="65" hits="4"/><line number="66" hits="2"/><line number="67" hits="0"/><line number="71" hits="6"/><line number="72" hits="6"/><line number="73" hits="2"/><line number="74" hits="0"/><line number="75" hits="0"/><line number="76" hits="0"/><line number="78" hits="8"/><line number="79" hits="8"/><line number="81" hits="6"/><line number="84" hits="6"/><line number="86" hits="2"/><line number="87" hits="6"/><line number="88" hits="2"/><line number="89" hits="0"/><line number="96" hits="0"/><line number="97" hits="0"/><line number="99" hits="0"/><line number="100" hits="0"/><line number="102" hits="0"/><line number="107" hits="0"/><line number="108" hits="0"/><line number="112" hits="0"/><line number="113" hits="0"/><line number="114" hits="0"/><line number="118" hits="0"/><line number="119" hits="0"/><line number="123" hits="0"/><line number="124" hits="0"/><line number="128" hits="4"/><line number="129" hits="8"/><line number="132" hits="8"/><line number="133" hits="0"/><line number="136" hits="6"/><line number="137" hits="6"/><line number="139" hits="12"/><line number="141" hits="6"/><line number="143" hits="2"/></lines></class><class name="file" filename="src/acquisition/file.rs" line-rate="0" branch-rate="0" complexity="0"><methods/><lines><line number="43" hits="0"/><line number="44" hits="0"/><line number="45" hits="0"/><line number="48" hits="0"/><line number="50" hits="0"/><line number="51" hits="0"/><line number="52" hits="0"/><line number="53" hits="0"/><line number="55" hits="0"/><line number="57" hits="0"/><line number="58" hits="0"/><line number="59" hits="0"/><line number="60" hits="0"/><line number="61" hits="0"/><line number="65" hits="0"/><line number="66" hits="0"/><line number="67" hits="0"/><line number="68" hits="0"/><line number="69" hits="0"/><line number="70" hits="0"/><line number="74" hits="0"/><line number="75" hits="0"/><line number="76" hits="0"/><line number="78" hits="0"/><line number="80" hits="0"/><line number="81" hits="0"/><line number="82" hits="0"/><line number="83" hits="0"/><line number="84" hits="0"/><line number="86" hits="0"/><line number="89" hits="0"/><line number="90" hits="0"/><line number="91" hits="0"/><line number="93" hits="0"/><line number="94" hits="0"/><line number="96" hits="0"/><line number="97" hits="0"/><line number="98" hits="0"/><line number="102" hits="0"/><line number="103" hits="0"/><line number="104" hits="0"/><line number="106" hits="0"/><line number="107" hits="0"/><line number="108" hits="0"/><line number="113" hits="0"/><line number="114" hits="0"/><line number="117" hits="0"/><line number="118" hits="0"/><line number="120" hits="0"/><line number="121" hits="0"/><line number="124" hits="0"/><line number="127" hits="0"/><line number="128" hits="0"/><line number="131" hits="0"/><line number="132" hits="0"/><line number="138" hits="0"/><line number="140" hits="0"/><line number="141" hits="0"/><line number="143" hits="0"/><line number="144" hits="0"/><line number="145" hits="0"/><line number="146" hits="0"/><line number="148" hits="0"/><line number="149" hits="0"/><line number="150" hits="0"/><line number="151" hits="0"/><line number="154" hits="0"/><line number="155" hits="0"/><line number="156" hits="0"/><line number="157" hits="0"/><line number="162" hits="0"/><line number="165" hits="0"/><line number="167" hits="0"/><line number="168" hits="0"/><line number="169" hits="0"/><line number="170" hits="0"/><line number="171" hits="0"/><line number="172" hits="0"/><line number="173" hits="0"/><line number="174" hits="0"/><line number="175" hits="0"/><line number="177" hits="0"/><line number="179" hits="0"/><line number="180" hits="0"/><line number="181" hits="0"/><line number="182" hits="0"/><line number="183" hits="0"/><line number="184" hits="0"/><line number="185" hits="0"/><line number="186" hits="0"/><line number="187" hits="0"/><line number="188" hits="0"/><line number="189" hits="0"/><line number="194" hits="0"/><line number="195" hits="0"/><line number="196" hits="0"/><line number="197" hits="0"/><line number="202" hits="0"/><line number="207" hits="0"/><line number="208" hits="0"/><line number="210" hits="0"/><line number="212" hits="0"/><line number="213" hits="0"/><line number="215" hits="0"/><line number="216" hits="0"/><line number="217" hits="0"/><line number="218" hits="0"/><line number="221" hits="0"/><line number="222" hits="0"/><line number="223" hits="0"/><line number="224" hits="0"/><line number="225" hits="0"/><line number="228" hits="0"/><line number="232" hits="0"/><line number="233" hits="0"/><line number="235" hits="0"/><line number="236" hits="0"/><line number="237" hits="0"/><line number="238" hits="0"/><line number="241" hits="0"/><line number="242" hits="0"/><line number="243" hits="0"/><line number="246" hits="0"/><line number="251" hits="0"/><line number="256" hits="0"/><line number="258" hits="0"/><line number="259" hits="0"/><line number="261" hits="0"/><line number="262" hits="0"/><line number="263" hits="0"/><line number="264" hits="0"/><line number="269" hits="0"/><line number="273" hits="0"/><line number="276" hits="0"/><line number="277" hits="0"/><line number="280" hits="0"/><line number="283" hits="0"/><line number="284" hits="0"/><line number="286" hits="0"/><line number="289" hits="0"/><line number="290" hits="0"/><line number="291" hits="0"/><line number="292" hits="0"/><line number="293" hits="0"/><line number="296" hits="0"/><line number="300" hits="0"/><line number="301" hits="0"/><line number="302" hits="0"/><line number="303" hits="0"/><line number="304" hits="0"/><line number="307" hits="0"/><line number="309" hits="0"/><line number="310" hits="0"/><line number="311" hits="0"/><line number="317" hits="0"/><line number="318" hits="0"/><line number="320" hits="0"/><line number="323" hits="0"/><line number="324" hits="0"/><line number="325" hits="0"/><line number="326" hits="0"/><line number="327" hits="0"/><line number="330" hits="0"/><line number="334" hits="0"/><line number="335" hits="0"/><line number="336" hits="0"/><line number="339" hits="0"/><line number="341" hits="0"/><line number="342" hits="0"/><line number="343" hits="0"/><line number="350" hits="0"/><line number="351" hits="0"/><line number="352" hits="0"/><line number="355" hits="0"/><line number="359" hits="0"/><line number="360" hits="0"/><line number="361" hits="0"/><line number="362" hits="0"/><line number="368" hits="0"/><line number="371" hits="0"/><line number="372" hits="0"/></lines></class><class name="microphone" filename="src/acquisition/microphone.rs" line-rate="0.43636363636363634" branch-rate="0" complexity="0"><methods/><lines><line number="60" hits="0"/><line number="61" hits="0"/><line number="62" hits="0"/><line number="65" hits="0"/><line number="66" hits="0"/><line number="67" hits="0"/><line number="68" hits="0"/><line number="69" hits="0"/><line number="71" hits="0"/><line number="72" hits="0"/><line number="73" hits="0"/><line number="74" hits="0"/><line number="76" hits="0"/><line number="78" hits="0"/><line number="79" hits="0"/><line number="80" hits="0"/><line number="83" hits="0"/><line number="84" hits="0"/><line number="85" hits="0"/><line number="86" hits="0"/><line number="89" hits="0"/><line number="90" hits="0"/><line number="91" hits="0"/><line number="93" hits="0"/><line number="94" hits="0"/><line number="95" hits="0"/><line number="97" hits="0"/><line number="98" hits="0"/><line number="99" hits="0"/><line number="105" hits="0"/><line number="108" hits="0"/><line number="109" hits="0"/><line number="115" hits="0"/><line number="116" hits="0"/><line number="119" hits="0"/><line number="120" hits="0"/><line number="122" hits="0"/><line number="123" hits="0"/><line number="126" hits="0"/><line number="129" hits="0"/><line number="130" hits="0"/><line number="133" hits="0"/><line number="134" hits="0"/><line number="140" hits="2"/><line number="141" hits="6"/><line number="142" hits="4"/><line number="145" hits="6"/><line number="147" hits="6"/><line number="151" hits="4"/><line number="152" hits="0"/><line number="153" hits="0"/><line number="155" hits="2"/><line number="156" hits="6"/><line number="159" hits="10"/><line number="161" hits="2"/><line number="162" hits="0"/><line number="163" hits="0"/><line number="166" hits="4"/><line number="171" hits="10"/><line number="172" hits="4"/><line number="173" hits="4"/><line number="175" hits="2"/><line number="176" hits="0"/><line number="179" hits="0"/><line number="181" hits="2"/><line number="182" hits="0"/><line number="184" hits="0"/><line number="185" hits="0"/><line number="187" hits="6"/><line number="191" hits="4"/><line number="192" hits="10"/><line number="195" hits="6"/><line number="196" hits="6"/><line number="197" hits="6"/><line number="199" hits="4"/><line number="201" hits="4"/><line number="202" hits="4"/><line number="203" hits="4"/><line number="204" hits="4"/><line number="205" hits="2"/><line number="206" hits="2"/><line number="208" hits="2"/><line number="209" hits="2"/><line number="210" hits="0"/><line number="211" hits="0"/><line number="214" hits="2"/><line number="217" hits="109"/><line number="218" hits="109"/><line number="223" hits="0"/><line number="224" hits="0"/><line number="228" hits="2"/><line number="229" hits="4"/><line number="230" hits="4"/><line number="231" hits="4"/><line number="232" hits="4"/><line number="233" hits="8"/><line number="234" hits="4"/><line number="235" hits="4"/><line number="236" hits="4"/><line number="237" hits="4"/><line number="238" hits="2"/><line number="243" hits="2"/><line number="244" hits="6"/><line number="249" hits="4"/><line number="250" hits="0"/><line number="251" hits="0"/><line number="254" hits="6"/><line number="256" hits="2"/><line number="258" hits="16"/><line number="259" hits="2"/><line number="260" hits="0"/><line number="261" hits="0"/><line number="265" hits="0"/><line number="266" hits="0"/><line number="267" hits="0"/><line number="271" hits="2"/><line number="275" hits="0"/><line number="276" hits="0"/><line number="277" hits="0"/><line number="278" hits="0"/><line number="279" hits="0"/><line number="280" hits="0"/><line number="283" hits="0"/><line number="284" hits="0"/><line number="285" hits="0"/><line number="286" hits="0"/><line number="290" hits="0"/><line number="294" hits="2"/><line number="301" hits="4"/><line number="302" hits="8"/><line number="303" hits="8"/><line number="305" hits="4"/><line number="307" hits="6"/><line number="308" hits="6"/><line number="309" hits="4"/><line number="310" hits="2"/><line number="311" hits="1051"/><line number="312" hits="6306"/><line number="314" hits="0"/><line number="315" hits="2"/><line number="319" hits="0"/><line number="320" hits="0"/><line number="321" hits="0"/><line number="322" hits="0"/><line number="323" hits="0"/><line number="325" hits="0"/><line number="326" hits="0"/><line number="327" hits="0"/><line number="328" hits="0"/><line number="329" hits="0"/><line number="330" hits="0"/><line number="331" hits="0"/><line number="332" hits="0"/><line number="333" hits="0"/><line number="334" hits="0"/><line number="337" hits="0"/><line number="338" hits="0"/><line number="342" hits="0"/><line number="343" hits="0"/><line number="344" hits="0"/><line number="345" hits="0"/><line number="346" hits="0"/><line number="348" hits="0"/><line number="349" hits="0"/><line number="350" hits="0"/><line number="351" hits="0"/><line number="352" hits="0"/><line number="353" hits="0"/><line number="354" hits="0"/><line number="355" hits="0"/><line number="356" hits="0"/><line number="357" hits="0"/><line number="360" hits="0"/><line number="361" hits="0"/><line number="364" hits="0"/><line number="366" hits="2"/><line number="369" hits="1051"/><line number="376" hits="3153"/><line number="377" hits="3153"/><line number="378" hits="2102"/><line number="381" hits="2102"/><line number="382" hits="2102"/><line number="384" hits="1069"/><line number="385" hits="2795"/><line number="388" hits="1677"/><line number="390" hits="0"/><line number="391" hits="0"/><line number="393" hits="0"/><line number="394" hits="0"/><line number="395" hits="0"/><line number="397" hits="0"/><line number="400" hits="1677"/><line number="401" hits="1118"/><line number="405" hits="1118"/><line number="406" hits="1677"/><line number="408" hits="541"/><line number="410" hits="18"/><line number="427" hits="1051"/><line number="428" hits="0"/><line number="429" hits="0"/><line number="430" hits="0"/><line number="431" hits="0"/><line number="433" hits="0"/><line number="438" hits="0"/><line number="439" hits="0"/><line number="441" hits="0"/><line number="449" hits="2"/><line number="451" hits="4"/><line number="452" hits="4"/><line number="455" hits="40"/><line number="457" hits="36"/><line number="458" hits="54"/><line number="459" hits="36"/><line number="463" hits="54"/><line number="464" hits="54"/><line number="468" hits="12"/><line number="469" hits="12"/><line number="471" hits="2"/><line number="474" hits="2"/><line number="475" hits="2"/></lines></class><class name="mock" filename="src/acquisition/mock.rs" line-rate="0.8095238095238095" branch-rate="0" complexity="0"><methods/><lines><line number="46" hits="8"/><line number="47" hits="8"/><line number="48" hits="0"/><line number="51" hits="8"/><line number="53" hits="8"/><line number="54" hits="8"/><line number="55" hits="8"/><line number="56" hits="12"/><line number="59" hits="8"/><line number="60" hits="8"/><line number="61" hits="8"/><line number="62" hits="8"/><line number="63" hits="8"/><line number="64" hits="8"/><line number="66" hits="12"/><line number="67" hits="8"/><line number="68" hits="8"/><line number="69" hits="8"/><line number="71" hits="36"/><line number="73" hits="36"/><line number="74" hits="72"/><line number="75" hits="18"/><line number="76" hits="36"/><line number="77" hits="36"/><line number="79" hits="14"/><line number="82" hits="42"/><line number="83" hits="14"/><line number="84" hits="14"/><line number="85" hits="14"/><line number="86" hits="14"/><line number="87" hits="14"/><line number="88" hits="14"/><line number="89" hits="14"/><line number="90" hits="14"/><line number="94" hits="42"/><line number="95" hits="42"/><line number="97" hits="114688"/><line number="98" hits="114688"/><line number="99" hits="57508"/><line number="101" hits="57180"/><line number="105" hits="114716"/><line number="106" hits="229376"/><line number="107" hits="229376"/><line number="108" hits="229376"/><line number="109" hits="114688"/><line number="112" hits="14"/><line number="113" hits="84"/><line number="115" hits="42"/><line number="116" hits="0"/><line number="117" hits="0"/><line number="122" hits="8"/><line number="123" hits="4"/><line number="126" hits="8"/><line number="127" hits="8"/><line number="129" hits="12"/><line number="130" hits="4"/><line number="133" hits="4"/><line number="136" hits="6"/><line number="137" hits="12"/><line number="140" hits="0"/><line number="141" hits="0"/><line number="165" hits="14"/><line number="166" hits="28"/><line number="167" hits="28"/><line number="168" hits="28"/><line number="170" hits="36"/><line number="171" hits="16"/><line number="174" hits="6"/><line number="178" hits="42"/><line number="180" hits="14"/><line number="181" hits="14"/><line number="182" hits="14"/><line number="183" hits="14"/><line number="184" hits="14"/><line number="185" hits="14"/><line number="186" hits="0"/><line number="187" hits="0"/><line number="189" hits="14"/><line number="190" hits="14"/><line number="192" hits="14"/><line number="193" hits="28"/><line number="194" hits="28"/><line number="195" hits="28"/><line number="196" hits="28"/><line number="198" hits="14"/><line number="199" hits="14"/><line number="200" hits="14"/><line number="201" hits="14"/><line number="202" hits="28"/><line number="203" hits="28"/><line number="204" hits="28"/><line number="205" hits="14"/><line number="206" hits="28"/><line number="207" hits="14"/><line number="221" hits="0"/><line number="229" hits="0"/><line number="231" hits="0"/><line number="232" hits="0"/><line number="233" hits="0"/><line number="234" hits="0"/><line number="235" hits="0"/><line number="236" hits="0"/><line number="237" hits="0"/><line number="238" hits="0"/><line number="239" hits="0"/><line number="243" hits="6"/><line number="244" hits="6"/><line number="248" hits="6"/><line number="249" hits="6"/><line number="253" hits="2"/><line number="254" hits="2"/><line number="258" hits="0"/><line number="259" hits="0"/><line number="260" hits="0"/><line number="261" hits="0"/><line number="267" hits="2"/><line number="269" hits="2"/><line number="270" hits="4"/><line number="272" hits="2"/><line number="273" hits="0"/><line number="274" hits="0"/><line number="275" hits="0"/><line number="280" hits="0"/><line number="284" hits="2"/><line number="288" hits="6"/><line number="289" hits="2"/><line number="290" hits="2"/><line number="291" hits="2"/><line number="292" hits="2"/><line number="293" hits="2"/><line number="294" hits="2"/><line number="295" hits="2"/><line number="296" hits="2"/><line number="300" hits="6"/><line number="301" hits="6"/><line number="303" hits="2048"/><line number="304" hits="2048"/><line number="305" hits="1062"/><line number="307" hits="986"/><line number="311" hits="2052"/><line number="312" hits="4096"/><line number="313" hits="4096"/><line number="314" hits="4096"/><line number="315" hits="2048"/><line number="318" hits="2"/><line number="321" hits="0"/><line number="322" hits="0"/></lines></class><class name="mod" filename="src/acquisition/mod.rs" line-rate="0.5" branch-rate="0" complexity="0"><methods/><lines><line number="62" hits="0"/><line number="63" hits="0"/><line number="67" hits="0"/><line number="68" hits="0"/><line number="92" hits="0"/><line number="95" hits="0"/><line number="99" hits="2"/><line number="103" hits="2"/><line number="104" hits="8"/><line number="105" hits="4"/><line number="106" hits="6"/><line number="110" hits="0"/><line number="113" hits="0"/><line number="117" hits="0"/><line number="120" hits="0"/><line number="124" hits="6"/><line number="127" hits="18"/><line number="169" hits="40"/><line number="172" hits="80"/><line number="173" hits="40"/><line number="175" hits="40"/><line number="177" hits="40"/><line number="178" hits="40"/><line number="180" hits="0"/><line number="182" hits="40"/><line number="184" hits="80"/><line number="185" hits="40"/><line number="186" hits="40"/><line number="189" hits="0"/><line number="190" hits="0"/><line number="199" hits="0"/><line number="202" hits="0"/><line number="203" hits="0"/><line number="204" hits="0"/></lines></class><class name="realtime_daemon" filename="src/acquisition/realtime_daemon.rs" line-rate="0.8363636363636363" branch-rate="0" complexity="0"><methods/><lines><line number="33" hits="46"/><line number="34" hits="184"/><line number="39" hits="92"/><line number="45" hits="42"/><line number="46" hits="84"/><line number="50" hits="53"/><line number="51" hits="18"/><line number="52" hits="0"/><line number="53" hits="0"/><line number="56" hits="11"/><line number="57" hits="18"/><line number="60" hits="11"/><line number="61" hits="36"/><line number="64" hits="27"/><line number="65" hits="27"/><line number="67" hits="27"/><line number="68" hits="27"/><line number="71" hits="11"/><line number="72" hits="9"/><line number="76" hits="53"/><line number="77" hits="18"/><line number="78" hits="0"/><line number="79" hits="0"/><line number="82" hits="11"/><line number="83" hits="18"/><line number="86" hits="27"/><line number="87" hits="0"/><line number="91" hits="27"/><line number="92" hits="9"/><line number="95" hits="11"/><line number="96" hits="9"/><line number="100" hits="278"/><line number="101" hits="556"/><line number="105" hits="6"/><line number="106" hits="12"/><line number="110" hits="4"/><line number="111" hits="2"/><line number="115" hits="53"/><line number="116" hits="27"/><line number="117" hits="18"/><line number="119" hits="46"/><line number="120" hits="46"/><line number="122" hits="28"/><line number="123" hits="28"/><line number="124" hits="14"/><line number="128" hits="14"/><line number="129" hits="14"/><line number="130" hits="0"/><line number="131" hits="0"/><line number="136" hits="32"/><line number="137" hits="14"/><line number="144" hits="46"/><line number="145" hits="92"/><line number="146" hits="0"/><line number="147" hits="0"/></lines></class><class name="record_consumer" filename="src/acquisition/record_consumer.rs" line-rate="0.5827814569536424" branch-rate="0" complexity="0"><methods/><lines><line number="68" hits="4"/><line number="71" hits="8"/><line number="72" hits="4"/><line number="81" hits="0"/><line number="82" hits="0"/><line number="86" hits="0"/><line number="87" hits="0"/><line number="90" hits="0"/><line number="92" hits="0"/><line number="93" hits="0"/><line number="94" hits="0"/><line number="95" hits="0"/><line number="99" hits="0"/><line number="100" hits="0"/><line number="103" hits="0"/><line number="104" hits="0"/><line number="106" hits="0"/><line number="107" hits="0"/><line number="109" hits="0"/><line number="111" hits="0"/><line number="114" hits="0"/><line number="117" hits="0"/><line number="118" hits="0"/><line number="127" hits="0"/><line number="128" hits="0"/><line number="129" hits="0"/><line number="130" hits="0"/><line number="146" hits="4"/><line number="147" hits="4"/><line number="151" hits="12"/><line number="152" hits="12"/><line number="153" hits="12"/><line number="158" hits="4"/><line number="163" hits="4"/><line number="164" hits="4"/><line number="165" hits="0"/><line number="166" hits="0"/><line number="169" hits="2"/><line number="170" hits="4"/><line number="173" hits="4"/><line number="175" hits="2"/><line number="178" hits="6"/><line number="179" hits="2"/><line number="180" hits="0"/><line number="182" hits="0"/><line number="183" hits="0"/><line number="187" hits="6"/><line number="190" hits="6"/><line number="193" hits="16"/><line number="194" hits="18"/><line number="197" hits="6"/><line number="199" hits="2"/><line number="200" hits="2"/><line number="205" hits="4"/><line number="207" hits="0"/><line number="208" hits="0"/><line number="209" hits="0"/><line number="214" hits="0"/><line number="218" hits="4"/><line number="219" hits="2"/><line number="220" hits="0"/><line number="221" hits="0"/><line number="222" hits="0"/><line number="225" hits="2"/><line number="229" hits="0"/><line number="230" hits="0"/><line number="231" hits="0"/><line number="236" hits="2"/><line number="237" hits="4"/><line number="242" hits="2"/><line number="243" hits="4"/><line number="248" hits="0"/><line number="249" hits="0"/><line number="253" hits="4"/><line number="254" hits="2"/><line number="256" hits="4"/><line number="257" hits="4"/><line number="258" hits="2"/><line number="260" hits="2"/><line number="262" hits="10"/><line number="263" hits="2"/><line number="264" hits="2"/><line number="265" hits="2"/><line number="268" hits="0"/><line number="269" hits="0"/><line number="272" hits="0"/><line number="273" hits="0"/><line number="279" hits="2"/><line number="282" hits="2"/><line number="287" hits="2"/><line number="288" hits="0"/><line number="292" hits="8"/><line number="293" hits="2"/><line number="295" hits="4"/><line number="297" hits="2"/><line number="298" hits="0"/><line number="302" hits="2"/><line number="306" hits="12"/><line number="307" hits="12"/><line number="308" hits="12"/><line number="309" hits="6"/><line number="311" hits="6"/><line number="313" hits="12"/><line number="315" hits="30"/><line number="316" hits="2"/><line number="318" hits="2"/><line number="319" hits="0"/><line number="320" hits="0"/><line number="322" hits="2"/><line number="325" hits="6"/><line number="326" hits="2"/><line number="329" hits="0"/><line number="330" hits="0"/><line number="334" hits="4"/><line number="340" hits="4"/><line number="341" hits="8"/><line number="342" hits="4"/><line number="344" hits="4"/><line number="347" hits="12"/><line number="348" hits="0"/><line number="349" hits="0"/><line number="350" hits="0"/><line number="351" hits="0"/><line number="356" hits="36"/><line number="357" hits="12"/><line number="358" hits="24"/><line number="359" hits="12"/><line number="360" hits="12"/><line number="361" hits="24"/><line number="362" hits="12"/><line number="366" hits="12"/><line number="367" hits="4"/><line number="371" hits="4"/><line number="372" hits="0"/><line number="374" hits="0"/><line number="378" hits="4"/><line number="382" hits="6"/><line number="383" hits="6"/><line number="385" hits="8"/><line number="386" hits="2"/><line number="387" hits="0"/><line number="389" hits="2"/><line number="393" hits="12"/><line number="394" hits="6"/><line number="398" hits="0"/><line number="400" hits="0"/><line number="401" hits="0"/><line number="402" hits="0"/><line number="403" hits="0"/><line number="409" hits="4"/><line number="410" hits="8"/></lines></class><class name="simulated_photoacoustic" filename="src/acquisition/simulated_photoacoustic.rs" line-rate="0.7109375" branch-rate="0" complexity="0"><methods/><lines><line number="88" hits="40"/><line number="92" hits="80"/><line number="93" hits="80"/><line number="94" hits="80"/><line number="97" hits="120"/><line number="99" hits="56"/><line number="100" hits="56"/><line number="101" hits="56"/><line number="102" hits="40"/><line number="103" hits="16"/><line number="104" hits="16"/><line number="106" hits="72"/><line number="107" hits="40"/><line number="108" hits="16"/><line number="111" hits="40"/><line number="112" hits="16"/><line number="113" hits="16"/><line number="115" hits="40"/><line number="116" hits="16"/><line number="117" hits="16"/><line number="119" hits="40"/><line number="120" hits="16"/><line number="123" hits="56"/><line number="124" hits="56"/><line number="126" hits="40"/><line number="127" hits="80"/><line number="128" hits="80"/><line number="129" hits="80"/><line number="130" hits="80"/><line number="131" hits="80"/><line number="132" hits="80"/><line number="133" hits="80"/><line number="134" hits="40"/><line number="135" hits="80"/><line number="136" hits="40"/><line number="144" hits="0"/><line number="145" hits="0"/><line number="152" hits="0"/><line number="153" hits="0"/><line number="154" hits="0"/><line number="155" hits="0"/><line number="156" hits="0"/><line number="159" hits="0"/><line number="160" hits="0"/><line number="161" hits="0"/><line number="163" hits="0"/><line number="164" hits="0"/><line number="165" hits="0"/><line number="167" hits="0"/><line number="174" hits="0"/><line number="175" hits="0"/><line number="176" hits="0"/><line number="177" hits="0"/><line number="178" hits="0"/><line number="179" hits="0"/><line number="180" hits="0"/><line number="181" hits="0"/><line number="182" hits="0"/><line number="183" hits="0"/><line number="184" hits="0"/><line number="185" hits="0"/><line number="186" hits="0"/><line number="187" hits="0"/><line number="188" hits="0"/><line number="195" hits="80"/><line number="196" hits="80"/><line number="197" hits="0"/><line number="200" hits="80"/><line number="201" hits="56"/><line number="203" hits="80"/><line number="204" hits="80"/><line number="205" hits="80"/><line number="206" hits="80"/><line number="207" hits="120"/><line number="210" hits="120"/><line number="212" hits="120"/><line number="213" hits="80"/><line number="214" hits="80"/><line number="215" hits="80"/><line number="217" hits="5792"/><line number="219" hits="2896"/><line number="220" hits="8688"/><line number="221" hits="2896"/><line number="222" hits="5792"/><line number="224" hits="2856"/><line number="228" hits="8568"/><line number="229" hits="2856"/><line number="230" hits="2856"/><line number="231" hits="2856"/><line number="232" hits="2856"/><line number="233" hits="2856"/><line number="234" hits="2856"/><line number="235" hits="2856"/><line number="236" hits="2856"/><line number="237" hits="2856"/><line number="238" hits="2856"/><line number="239" hits="2856"/><line number="240" hits="2856"/><line number="241" hits="2856"/><line number="245" hits="8568"/><line number="246" hits="8568"/><line number="249" hits="23399208"/><line number="250" hits="23396352"/><line number="251" hits="11711336"/><line number="253" hits="11685016"/><line number="258" hits="23402064"/><line number="259" hits="35094528"/><line number="260" hits="35094528"/><line number="261" hits="46792704"/><line number="262" hits="23396352"/><line number="265" hits="2856"/><line number="266" hits="17136"/><line number="268" hits="8568"/><line number="269" hits="0"/><line number="270" hits="0"/><line number="274" hits="0"/><line number="277" hits="80"/><line number="278" hits="40"/><line number="281" hits="80"/><line number="282" hits="80"/><line number="283" hits="56"/><line number="285" hits="120"/><line number="286" hits="40"/><line number="289" hits="40"/><line number="292" hits="0"/><line number="293" hits="0"/><line number="296" hits="0"/><line number="297" hits="0"/></lines></class><class name="stream" filename="src/acquisition/stream.rs" line-rate="0.7794117647058824" branch-rate="0" complexity="0"><methods/><lines><line number="33" hits="2922"/><line number="39" hits="8766"/><line number="40" hits="2922"/><line number="41" hits="2922"/><line number="42" hits="2922"/><line number="54" hits="62"/><line number="55" hits="62"/><line number="59" hits="10"/><line number="60" hits="10"/><line number="61" hits="10"/><line number="62" hits="30"/><line number="67" hits="8592"/><line number="68" hits="8592"/><line number="69" hits="8592"/><line number="70" hits="25776"/><line number="71" hits="8592"/><line number="108" hits="290"/><line number="114" hits="580"/><line number="130" hits="290"/><line number="131" hits="580"/><line number="135" hits="1160"/><line number="136" hits="580"/><line number="141" hits="60"/><line number="142" hits="120"/><line number="146" hits="17184"/><line number="149" hits="17184"/><line number="150" hits="17184"/><line number="155" hits="17184"/><line number="156" hits="8592"/><line number="157" hits="8592"/><line number="158" hits="17184"/><line number="160" hits="8592"/><line number="161" hits="17184"/><line number="163" hits="25776"/><line number="164" hits="8592"/><line number="165" hits="8592"/><line number="166" hits="8592"/><line number="169" hits="9290"/><line number="170" hits="2094"/><line number="171" hits="2094"/><line number="172" hits="698"/><line number="173" hits="698"/><line number="178" hits="17184"/><line number="179" hits="2876"/><line number="182" hits="5716"/><line number="188" hits="0"/><line number="189" hits="0"/><line number="193" hits="176"/><line number="194" hits="264"/><line number="198" hits="0"/><line number="199" hits="0"/><line number="211" hits="60"/><line number="212" hits="180"/><line number="216" hits="60"/><line number="222" hits="5860"/><line number="223" hits="8790"/><line number="224" hits="5756"/><line number="225" hits="0"/><line number="226" hits="0"/><line number="227" hits="0"/><line number="228" hits="0"/><line number="232" hits="0"/><line number="233" hits="0"/><line number="234" hits="0"/><line number="241" hits="0"/><line number="242" hits="0"/><line number="246" hits="0"/><line number="247" hits="0"/></lines></class></classes></package><package name="oxide-auth-patched/oxide-auth/src/primitives" line-rate="0.25565217391304346" branch-rate="0" complexity="0"><classes><class name="authorizer" filename="oxide-auth-patched/oxide-auth/src/primitives/authorizer.rs" line-rate="0.5384615384615384" branch-rate="0" complexity="0"><methods/><lines><line number="45" hits="240"/><line number="49" hits="240"/><line number="55" hits="0"/><line number="56" hits="0"/><line number="59" hits="0"/><line number="60" hits="0"/><line number="65" hits="0"/><line number="66" hits="0"/><line number="69" hits="0"/><line number="70" hits="0"/><line number="75" hits="40"/><line number="76" hits="120"/><line number="79" hits="56"/><line number="80" hits="168"/><line number="85" hits="0"/><line number="86" hits="0"/><line number="89" hits="0"/><line number="90" hits="0"/><line number="95" hits="40"/><line number="100" hits="120"/><line number="101" hits="200"/><line number="102" hits="200"/><line number="103" hits="40"/><line number="104" hits="40"/><line number="107" hits="56"/><line number="108" hits="112"/></lines></class><class name="generator" filename="oxide-auth-patched/oxide-auth/src/primitives/generator.rs" line-rate="0.09473684210526316" branch-rate="0" complexity="0"><methods/><lines><line number="60" hits="801"/><line number="62" hits="801"/><line number="67" hits="162"/><line number="68" hits="486"/><line number="69" hits="324"/><line number="70" hits="486"/><line number="73" hits="486"/><line number="143" hits="0"/><line number="144" hits="0"/><line number="146" hits="0"/><line number="152" hits="0"/><line number="154" hits="0"/><line number="155" hits="0"/><line number="157" hits="0"/><line number="162" hits="0"/><line number="163" hits="0"/><line number="166" hits="0"/><line number="167" hits="0"/><line number="168" hits="0"/><line number="170" hits="0"/><line number="171" hits="0"/><line number="172" hits="0"/><line number="174" hits="0"/><line number="175" hits="0"/><line number="177" hits="0"/><line number="180" hits="0"/><line number="181" hits="0"/><line number="182" hits="0"/><line number="183" hits="0"/><line number="186" hits="0"/><line number="187" hits="0"/><line number="188" hits="0"/><line number="189" hits="0"/><line number="190" hits="0"/><line number="193" hits="0"/><line number="194" hits="0"/><line number="195" hits="0"/><line number="196" hits="0"/><line number="197" hits="0"/><line number="199" hits="0"/><line number="211" hits="0"/><line number="212" hits="0"/><line number="219" hits="0"/><line number="220" hits="0"/><line number="221" hits="0"/><line number="222" hits="0"/><line number="227" hits="0"/><line number="228" hits="0"/><line number="233" hits="0"/><line number="234" hits="0"/><line number="239" hits="162"/><line number="240" hits="162"/><line number="245" hits="0"/><line number="246" hits="0"/><line number="263" hits="0"/><line number="264" hits="0"/><line number="269" hits="0"/><line number="270" hits="0"/><line number="292" hits="0"/><line number="293" hits="0"/><line number="296" hits="0"/><line number="297" hits="0"/><line number="298" hits="0"/><line number="308" hits="0"/><line number="309" hits="0"/><line number="312" hits="0"/><line number="313" hits="0"/><line number="314" hits="0"/><line number="325" hits="0"/><line number="326" hits="0"/><line number="329" hits="0"/><line number="330" hits="0"/><line number="331" hits="0"/><line number="336" hits="0"/><line number="337" hits="0"/><line number="339" hits="0"/><line number="340" hits="0"/><line number="343" hits="0"/><line number="344" hits="0"/><line number="347" hits="0"/><line number="348" hits="0"/><line number="349" hits="0"/><line number="350" hits="0"/><line number="351" hits="0"/><line number="352" hits="0"/><line number="353" hits="0"/><line number="357" hits="0"/><line number="358" hits="0"/><line number="359" hits="0"/><line number="360" hits="0"/><line number="363" hits="0"/><line number="364" hits="0"/><line number="365" hits="0"/><line number="366" hits="0"/><line number="367" hits="0"/></lines></class><class name="grant" filename="oxide-auth-patched/oxide-auth/src/primitives/grant.rs" line-rate="0.14545454545454545" branch-rate="0" complexity="0"><methods/><lines><line number="78" hits="468"/><line number="79" hits="468"/><line number="86" hits="0"/><line number="87" hits="0"/><line number="94" hits="0"/><line number="95" hits="0"/><line number="96" hits="0"/><line number="97" hits="0"/><line number="98" hits="0"/><line number="106" hits="0"/><line number="107" hits="0"/><line number="108" hits="0"/><line number="109" hits="0"/><line number="117" hits="0"/><line number="118" hits="0"/><line number="119" hits="0"/><line number="120" hits="0"/><line number="121" hits="0"/><line number="129" hits="0"/><line number="130" hits="0"/><line number="131" hits="0"/><line number="132" hits="0"/><line number="139" hits="153"/><line number="140" hits="153"/><line number="144" hits="0"/><line number="145" hits="0"/><line number="146" hits="0"/><line number="150" hits="0"/><line number="151" hits="0"/><line number="158" hits="0"/><line number="159" hits="0"/><line number="163" hits="189"/><line number="165" hits="189"/><line number="170" hits="0"/><line number="171" hits="0"/><line number="189" hits="189"/><line number="190" hits="0"/><line number="191" hits="567"/><line number="193" hits="0"/><line number="194" hits="0"/><line number="203" hits="0"/><line number="204" hits="0"/><line number="205" hits="0"/><line number="207" hits="0"/><line number="208" hits="0"/><line number="215" hits="0"/><line number="216" hits="0"/><line number="224" hits="0"/><line number="225" hits="0"/><line number="230" hits="0"/><line number="231" hits="0"/><line number="236" hits="0"/><line number="237" hits="0"/><line number="242" hits="0"/><line number="243" hits="0"/></lines></class><class name="issuer" filename="oxide-auth-patched/oxide-auth/src/primitives/issuer.rs" line-rate="0.078125" branch-rate="0" complexity="0"><methods/><lines><line number="124" hits="0"/><line number="129" hits="0"/><line number="130" hits="0"/><line number="135" hits="0"/><line number="136" hits="0"/><line number="140" hits="0"/><line number="141" hits="0"/><line number="150" hits="0"/><line number="151" hits="0"/><line number="152" hits="0"/><line number="159" hits="0"/><line number="160" hits="0"/><line number="161" hits="0"/><line number="162" hits="0"/><line number="163" hits="0"/><line number="166" hits="0"/><line number="167" hits="0"/><line number="168" hits="0"/><line number="249" hits="0"/><line number="250" hits="0"/><line number="255" hits="0"/><line number="257" hits="0"/><line number="258" hits="0"/><line number="259" hits="0"/><line number="260" hits="0"/><line number="261" hits="0"/><line number="262" hits="0"/><line number="264" hits="0"/><line number="265" hits="0"/><line number="266" hits="0"/><line number="268" hits="0"/><line number="271" hits="0"/><line number="272" hits="0"/><line number="273" hits="0"/><line number="274" hits="0"/><line number="275" hits="0"/><line number="277" hits="0"/><line number="278" hits="0"/><line number="279" hits="0"/><line number="280" hits="0"/><line number="281" hits="0"/><line number="282" hits="0"/><line number="283" hits="0"/><line number="284" hits="0"/><line number="285" hits="0"/><line number="289" hits="0"/><line number="291" hits="0"/><line number="292" hits="0"/><line number="293" hits="0"/><line number="295" hits="0"/><line number="297" hits="0"/><line number="298" hits="0"/><line number="299" hits="0"/><line number="301" hits="0"/><line number="302" hits="0"/><line number="304" hits="0"/><line number="305" hits="0"/><line number="307" hits="0"/><line number="308" hits="0"/><line number="310" hits="0"/><line number="311" hits="0"/><line number="316" hits="0"/><line number="317" hits="0"/><line number="319" hits="0"/><line number="320" hits="0"/><line number="321" hits="0"/><line number="324" hits="0"/><line number="325" hits="0"/><line number="327" hits="0"/><line number="328" hits="0"/><line number="329" hits="0"/><line number="330" hits="0"/><line number="331" hits="0"/><line number="332" hits="0"/><line number="336" hits="0"/><line number="337" hits="0"/><line number="340" hits="0"/><line number="341" hits="0"/><line number="451" hits="0"/><line number="452" hits="0"/><line number="455" hits="0"/><line number="456" hits="0"/><line number="459" hits="0"/><line number="460" hits="0"/><line number="463" hits="36"/><line number="464" hits="108"/><line number="469" hits="0"/><line number="470" hits="0"/><line number="473" hits="0"/><line number="474" hits="0"/><line number="477" hits="0"/><line number="478" hits="0"/><line number="481" hits="0"/><line number="482" hits="0"/><line number="487" hits="120"/><line number="488" hits="360"/><line number="491" hits="64"/><line number="492" hits="256"/><line number="495" hits="64"/><line number="496" hits="192"/><line number="499" hits="64"/><line number="500" hits="192"/><line number="505" hits="0"/><line number="506" hits="0"/><line number="509" hits="0"/><line number="510" hits="0"/><line number="513" hits="0"/><line number="514" hits="0"/><line number="517" hits="0"/><line number="518" hits="0"/><line number="531" hits="0"/><line number="532" hits="0"/><line number="535" hits="0"/><line number="536" hits="0"/><line number="541" hits="0"/><line number="542" hits="0"/><line number="543" hits="0"/><line number="546" hits="0"/><line number="547" hits="0"/><line number="549" hits="0"/><line number="553" hits="0"/><line number="554" hits="0"/><line number="557" hits="0"/><line number="558" hits="0"/><line number="561" hits="0"/><line number="562" hits="0"/><line number="563" hits="0"/><line number="566" hits="0"/></lines></class><class name="registrar" filename="oxide-auth-patched/oxide-auth/src/primitives/registrar.rs" line-rate="0.4008810572687225" branch-rate="0" complexity="0"><methods/><lines><line number="99" hits="0"/><line number="103" hits="0"/><line number="104" hits="0"/><line number="144" hits="0"/><line number="148" hits="0"/><line number="153" hits="0"/><line number="157" hits="0"/><line number="158" hits="0"/><line number="296" hits="0"/><line number="297" hits="0"/><line number="298" hits="0"/><line number="299" hits="0"/><line number="306" hits="90"/><line number="307" hits="90"/><line number="308" hits="0"/><line number="309" hits="180"/><line number="310" hits="0"/><line number="315" hits="135"/><line number="316" hits="135"/><line number="317" hits="270"/><line number="318" hits="135"/><line number="319" hits="0"/><line number="324" hits="45"/><line number="325" hits="90"/><line number="330" hits="90"/><line number="331" hits="90"/><line number="336" hits="0"/><line number="337" hits="0"/><line number="342" hits="0"/><line number="343" hits="0"/><line number="348" hits="45"/><line number="349" hits="45"/><line number="350" hits="0"/><line number="351" hits="90"/><line number="352" hits="0"/><line number="360" hits="90"/><line number="361" hits="90"/><line number="362" hits="0"/><line number="363" hits="270"/><line number="364" hits="0"/><line number="370" hits="0"/><line number="371" hits="0"/><line number="372" hits="0"/><line number="373" hits="0"/><line number="374" hits="0"/><line number="381" hits="0"/><line number="382" hits="0"/><line number="387" hits="0"/><line number="388" hits="0"/><line number="389" hits="0"/><line number="390" hits="0"/><line number="391" hits="0"/><line number="398" hits="0"/><line number="399" hits="0"/><line number="400" hits="0"/><line number="404" hits="0"/><line number="405" hits="0"/><line number="409" hits="180"/><line number="411" hits="540"/><line number="417" hits="90"/><line number="418" hits="270"/><line number="419" hits="90"/><line number="425" hits="0"/><line number="426" hits="0"/><line number="427" hits="0"/><line number="428" hits="0"/><line number="429" hits="0"/><line number="430" hits="0"/><line number="431" hits="0"/><line number="433" hits="0"/><line number="434" hits="0"/><line number="440" hits="0"/><line number="441" hits="0"/><line number="442" hits="0"/><line number="443" hits="0"/><line number="448" hits="0"/><line number="450" hits="0"/><line number="451" hits="0"/><line number="452" hits="0"/><line number="459" hits="0"/><line number="460" hits="0"/><line number="466" hits="0"/><line number="467" hits="0"/><line number="472" hits="0"/><line number="473" hits="0"/><line number="478" hits="0"/><line number="479" hits="0"/><line number="481" hits="0"/><line number="489" hits="0"/><line number="490" hits="0"/><line number="496" hits="270"/><line number="498" hits="810"/><line number="500" hits="540"/><line number="507" hits="0"/><line number="511" hits="0"/><line number="513" hits="0"/><line number="515" hits="0"/><line number="522" hits="360"/><line number="523" hits="720"/><line number="524" hits="360"/><line number="532" hits="270"/><line number="533" hits="540"/><line number="534" hits="270"/><line number="536" hits="0"/><line number="541" hits="540"/><line number="542" hits="540"/><line number="543" hits="540"/><line number="544" hits="270"/><line number="555" hits="99"/><line number="562" hits="99"/><line number="563" hits="198"/><line number="564" hits="99"/><line number="565" hits="0"/><line number="566" hits="0"/><line number="568" hits="0"/><line number="575" hits="0"/><line number="576" hits="0"/><line number="577" hits="0"/><line number="579" hits="0"/><line number="602" hits="0"/><line number="604" hits="0"/><line number="605" hits="0"/><line number="609" hits="0"/><line number="610" hits="0"/><line number="611" hits="0"/><line number="614" hits="0"/><line number="615" hits="0"/><line number="618" hits="0"/><line number="619" hits="0"/><line number="620" hits="0"/><line number="621" hits="0"/><line number="622" hits="0"/><line number="623" hits="0"/><line number="624" hits="0"/><line number="637" hits="270"/><line number="638" hits="270"/><line number="642" hits="270"/><line number="643" hits="810"/><line number="644" hits="270"/><line number="645" hits="1620"/><line number="649" hits="0"/><line number="650" hits="0"/><line number="654" hits="369"/><line number="655" hits="369"/><line number="657" hits="369"/><line number="658" hits="738"/><line number="663" hits="240"/><line number="667" hits="1440"/><line number="672" hits="240"/><line number="676" hits="480"/><line number="677" hits="720"/><line number="678" hits="240"/><line number="683" hits="0"/><line number="684" hits="0"/><line number="687" hits="0"/><line number="688" hits="0"/><line number="691" hits="0"/><line number="692" hits="0"/><line number="697" hits="0"/><line number="698" hits="0"/><line number="701" hits="0"/><line number="702" hits="0"/><line number="705" hits="0"/><line number="706" hits="0"/><line number="711" hits="0"/><line number="712" hits="0"/><line number="715" hits="0"/><line number="716" hits="0"/><line number="719" hits="0"/><line number="720" hits="0"/><line number="725" hits="0"/><line number="726" hits="0"/><line number="729" hits="0"/><line number="730" hits="0"/><line number="733" hits="0"/><line number="734" hits="0"/><line number="739" hits="0"/><line number="740" hits="0"/><line number="743" hits="0"/><line number="744" hits="0"/><line number="747" hits="0"/><line number="748" hits="0"/><line number="753" hits="80"/><line number="754" hits="240"/><line number="757" hits="80"/><line number="758" hits="320"/><line number="761" hits="88"/><line number="762" hits="352"/><line number="767" hits="0"/><line number="768" hits="0"/><line number="771" hits="0"/><line number="772" hits="0"/><line number="775" hits="0"/><line number="776" hits="0"/><line number="781" hits="90"/><line number="782" hits="360"/><line number="783" hits="0"/><line number="784" hits="180"/><line number="788" hits="180"/><line number="789" hits="0"/><line number="790" hits="90"/><line number="791" hits="270"/><line number="792" hits="180"/><line number="793" hits="180"/><line number="794" hits="90"/><line number="795" hits="270"/><line number="797" hits="90"/><line number="799" hits="0"/><line number="804" hits="90"/><line number="805" hits="90"/><line number="806" hits="90"/><line number="811" hits="90"/><line number="812" hits="180"/><line number="813" hits="90"/><line number="814" hits="180"/><line number="816" hits="90"/><line number="817" hits="270"/><line number="818" hits="270"/><line number="819" hits="90"/><line number="823" hits="99"/><line number="824" hits="297"/><line number="826" hits="99"/><line number="827" hits="198"/><line number="828" hits="198"/><line number="829" hits="198"/><line number="830" hits="396"/><line number="833" hits="99"/></lines></class><class name="scope" filename="oxide-auth-patched/oxide-auth/src/primitives/scope.rs" line-rate="0.3409090909090909" branch-rate="0" complexity="0"><methods/><lines><line number="53" hits="0"/><line number="57" hits="0"/><line number="62" hits="0"/><line number="66" hits="0"/><line number="67" hits="0"/><line number="72" hits="11205"/><line number="73" hits="10683"/><line number="74" hits="0"/><line number="75" hits="22860"/><line number="76" hits="48951"/><line number="77" hits="1116"/><line number="78" hits="0"/><line number="84" hits="0"/><line number="85" hits="0"/><line number="90" hits="0"/><line number="91" hits="0"/><line number="95" hits="0"/><line number="96" hits="0"/><line number="120" hits="351"/><line number="121" hits="23112"/><line number="122" hits="0"/><line number="124" hits="4338"/><line number="125" hits="351"/><line number="126" hits="702"/><line number="132" hits="0"/><line number="133" hits="0"/><line number="134" hits="0"/><line number="135" hits="0"/><line number="142" hits="0"/><line number="143" hits="0"/><line number="148" hits="333"/><line number="149" hits="1332"/><line number="150" hits="999"/><line number="152" hits="666"/><line number="155" hits="999"/><line number="160" hits="0"/><line number="161" hits="0"/><line number="162" hits="0"/><line number="163" hits="0"/><line number="164" hits="0"/><line number="165" hits="0"/><line number="166" hits="0"/><line number="167" hits="0"/><line number="169" hits="0"/></lines></class></classes></package><package name="src/preprocessing" line-rate="0.2895377128953771" branch-rate="0" complexity="0"><classes><class name="differential" filename="src/preprocessing/differential.rs" line-rate="0.4583333333333333" branch-rate="0" complexity="0"><methods/><lines><line number="89" hits="0"/><line number="90" hits="0"/><line number="92" hits="0"/><line number="93" hits="0"/><line number="95" hits="0"/><line number="96" hits="0"/><line number="99" hits="0"/><line number="100" hits="0"/><line number="102" hits="0"/><line number="106" hits="0"/><line number="109" hits="0"/><line number="183" hits="0"/><line number="184" hits="0"/><line number="205" hits="20"/><line number="241" hits="8"/><line number="242" hits="24"/><line number="243" hits="4"/><line number="244" hits="4"/><line number="245" hits="6"/><line number="246" hits="2"/><line number="250" hits="24"/><line number="252" hits="3673704"/><line number="253" hits="3673674"/><line number="256" hits="6"/></lines></class><class name="mod" filename="src/preprocessing/mod.rs" line-rate="0" branch-rate="0" complexity="0"><methods/><lines><line number="20" hits="0"/><line number="21" hits="0"/><line number="25" hits="0"/><line number="26" hits="0"/></lines></class></classes></package><package name="src/processing/computing_nodes/action_drivers" line-rate="0.5698478561549101" branch-rate="0" complexity="0"><classes><class name="http" filename="src/processing/computing_nodes/action_drivers/http.rs" line-rate="0.6290322580645161" branch-rate="0" complexity="0"><methods/><lines><line number="43" hits="80"/><line number="45" hits="240"/><line number="47" hits="160"/><line number="50" hits="160"/><line number="51" hits="80"/><line number="59" hits="80"/><line number="60" hits="160"/><line number="61" hits="80"/><line number="68" hits="80"/><line number="69" hits="80"/><line number="70" hits="80"/><line number="77" hits="80"/><line number="78" hits="80"/><line number="79" hits="80"/><line number="87" hits="0"/><line number="88" hits="0"/><line number="89" hits="0"/><line number="93" hits="272"/><line number="94" hits="272"/><line number="95" hits="272"/><line number="97" hits="272"/><line number="98" hits="272"/><line number="99" hits="272"/><line number="101" hits="272"/><line number="104" hits="0"/><line number="106" hits="544"/><line number="110" hits="136"/><line number="111" hits="0"/><line number="112" hits="0"/><line number="113" hits="0"/><line number="118" hits="272"/><line number="121" hits="1088"/><line number="122" hits="408"/><line number="123" hits="680"/><line number="126" hits="816"/><line number="127" hits="544"/><line number="128" hits="816"/><line number="129" hits="1088"/><line number="130" hits="816"/><line number="131" hits="1088"/><line number="133" hits="272"/><line number="135" hits="272"/><line number="136" hits="0"/><line number="137" hits="0"/><line number="138" hits="0"/><line number="139" hits="0"/><line number="140" hits="0"/><line number="142" hits="0"/><line number="144" hits="0"/><line number="145" hits="0"/><line number="146" hits="0"/><line number="148" hits="0"/><line number="149" hits="0"/><line number="150" h
[...]
" hits="354"/><line number="147" hits="118"/><line number="148" hits="236"/><line number="149" hits="236"/><line number="155" hits="236"/><line number="156" hits="236"/><line number="157" hits="0"/><line number="158" hits="0"/><line number="160" hits="0"/><line number="163" hits="1294"/><line number="164" hits="588"/><line number="165" hits="0"/><line number="166" hits="0"/><line number="174" hits="150"/><line number="176" hits="372"/><line number="177" hits="260"/><line number="178" hits="130"/><line number="179" hits="48"/><line number="184" hits="260"/><line number="186" hits="880"/><line number="187" hits="1134"/><line number="188" hits="372"/><line number="189" hits="372"/><line number="190" hits="144"/><line number="194" hits="144"/><line number="197" hits="6"/><line number="198" hits="6"/><line number="199" hits="6"/><line number="211" hits="336"/><line number="212" hits="144"/><line number="215" hits="224"/><line number="216" hits="112"/><line number="217" hits="112"/><line number="218" hits="112"/><line number="220" hits="720"/><line number="222" hits="112"/><line number="223" hits="58"/><line number="225" hits="84"/><line number="226" hits="84"/><line number="227" hits="42"/><line number="228" hits="42"/><line number="230" hits="58"/><line number="231" hits="0"/><line number="234" hits="86"/><line number="235" hits="70"/><line number="236" hits="70"/><line number="238" hits="86"/><line number="239" hits="0"/><line number="244" hits="112"/></lines></class><class name="visualization" filename="src/config/visualization.rs" line-rate="0.9215686274509803" branch-rate="0" complexity="0"><methods/><lines><line number="153" hits="998"/><line number="154" hits="998"/><line number="162" hits="998"/><line number="163" hits="1996"/><line number="170" hits="998"/><line number="171" hits="1996"/><line number="175" hits="1038"/><line number="176" hits="2076"/><line number="177" hits="2076"/><line number="178" hits="0"/><line number="180" hits="5190"/><line number="181" hits="1038"/><line number="186" hits="1038"/><line number="187" hits="2076"/><line number="188" hits="2076"/><line number="189" hits="0"/><line number="191" hits="5190"/><line number="192" hits="1038"/><line number="202" hits="998"/><line number="203" hits="1996"/><line number="212" hits="998"/><line number="213" hits="1996"/><line number="214" hits="1996"/><line number="215" hits="0"/><line number="217" hits="3992"/><line number="228" hits="998"/><line number="229" hits="1996"/><line number="230" hits="1996"/><line number="231" hits="0"/><line number="233" hits="3992"/><line number="242" hits="2140"/><line number="243" hits="2140"/><line number="247" hits="998"/><line number="249" hits="1996"/><line number="250" hits="3992"/><line number="251" hits="2994"/><line number="260" hits="1062"/><line number="261" hits="1062"/><line number="265" hits="790"/><line number="267" hits="1580"/><line number="268" hits="1580"/><line number="269" hits="1580"/><line number="270" hits="1580"/><line number="271" hits="1580"/><line number="272" hits="1580"/><line number="273" hits="1580"/><line number="274" hits="1580"/><line number="275" hits="1580"/><line number="276" hits="1580"/><line number="277" hits="790"/><line number="278" hits="790"/></lines></class></classes></package><package name="oxide-auth-patched/oxide-auth-async/src/frontends" line-rate="0" branch-rate="0" complexity="0"><classes></classes></package><package name="src/bin/pid_tuner_helper" line-rate="0.7256410256410256" branch-rate="0" complexity="0"><classes><class name="html_report" filename="src/bin/pid_tuner_helper/html_report.rs" line-rate="0.9285714285714286" branch-rate="0" complexity="0"><methods/><lines><line number="24" hits="17"/><line number="25" hits="34"/><line number="28" hits="34"/><line number="29" hits="17"/><line number="30" hits="51"/><line number="31" hits="17"/><line number="33" hits="17"/><line number="37" hits="1"/><line number="38" hits="4"/><line number="40" hits="3"/><line number="41" hits="1"/><line number="43" hits="1"/><line number="47" hits="7"/><line number="48" hits="28"/><line number="49" hits="28"/><line number="50" hits="21"/><line number="54" hits="14"/><line number="55" hits="7"/><line number="56" hits="4"/><line number="58" hits="5"/><line number="59" hits="1"/><line number="63" hits="14"/><line number="64" hits="7"/><line number="65" hits="7"/><line number="66" hits="7"/><line number="67" hits="7"/><line number="68" hits="7"/><line number="69" hits="56"/><line number="70" hits="42"/><line number="71" hits="42"/><line number="72" hits="42"/><line number="73" hits="7"/><line number="74" hits="7"/><line number="75" hits="7"/><line number="76" hits="7"/><line number="77" hits="7"/><line number="78" hits="21"/><line number="79" hits="21"/><line number="80" hits="21"/><line number="81" hits="21"/><line number="82" hits="21"/><line number="83" hits="21"/><line number="84" hits="21"/><line number="85" hits="21"/><line number="86" hits="21"/><line number="87" hits="21"/><line number="88" hits="28"/><line number="89" hits="28"/><line number="90" hits="28"/><line number="91" hits="7"/><line number="95" hits="7"/><line number="96" hits="21"/><line number="97" hits="7"/><line number="101" hits="12"/><line number="102" hits="24"/><line number="103" hits="1"/><line number="106" hits="22"/><line number="107" hits="22"/><line number="108" hits="22"/><line number="109" hits="22"/><line number="110" hits="22"/><line number="113" hits="342"/><line number="114" hits="342"/><line number="115" hits="22"/><line number="116" hits="11"/><line number="118" hits="320"/><line number="119" hits="22"/><line number="120" hits="11"/><line number="122" hits="320"/><line number="125" hits="22"/><line number="126" hits="22"/><line number="127" hits="22"/><line number="130" hits="33"/><line number="131" hits="11"/><line number="132" hits="11"/><line number="133" hits="11"/><line number="134" hits="11"/><line number="135" hits="11"/><line number="136" hits="11"/><line number="137" hits="11"/><line number="138" hits="11"/><line number="139" hits="11"/><line number="143" hits="33"/><line number="144" hits="11"/><line number="145" hits="11"/><line number="146" hits="11"/><line number="147" hits="11"/><line number="148" hits="11"/><line number="149" hits="11"/><line number="150" hits="11"/><line number="151" hits="11"/><line number="152" hits="11"/><line number="156" hits="22"/><line number="157" hits="11"/><line number="159" hits="423"/><line number="160" hits="33"/><line number="161" hits="11"/><line number="162" hits="11"/><line number="163" hits="11"/><line number="164" hits="11"/><line number="165" hits="11"/><line number="166" hits="11"/><line number="167" hits="11"/><line number="168" hits="11"/><line number="169" hits="11"/><line number="173" hits="33"/><line number="174" hits="11"/><line number="175" hits="11"/><line number="176" hits="11"/><line number="177" hits="11"/><line number="178" hits="11"/><line number="179" hits="11"/><line number="180" hits="11"/><line number="183" hits="33"/><line number="184" hits="11"/><line number="185" hits="11"/><line number="186" hits="11"/><line number="187" hits="11"/><line number="188" hits="11"/><line number="189" hits="11"/><line number="190" hits="11"/><line number="193" hits="22"/><line number="225" hits="0"/><line number="226" hits="0"/><line number="227" hits="11"/><line number="228" hits="0"/><line number="229" hits="0"/><line number="230" hits="0"/><line number="231" hits="0"/><line number="232" hits="0"/><line number="233" hits="11"/><line number="236" hits="11"/><line number="240" hits="34"/><line number="252" hits="136"/><line number="253" hits="0"/><line number="256" hits="68"/><line number="258" hits="1143"/><line number="259" hits="1252"/><line number="260" hits="1252"/><line number="262" hits="347"/><line number="263" hits="102"/><line number="265" hits="837"/><line number="269" hits="34"/><line number="273" hits="12"/><line number="283" hits="24"/><line number="286" hits="24"/><line number="287" hits="408"/><line number="288" hits="528"/><line number="289" hits="660"/><line number="290" hits="528"/><line number="291" hits="264"/><line number="292" hits="132"/><line number="293" hits="132"/><line number="294" hits="132"/><line number="295" hits="132"/><line number="300" hits="24"/><line number="301" hits="336"/><line number="302" hits="432"/><line number="303" hits="540"/><line number="304" hits="432"/><line number="305" hits="216"/><line number="306" hits="108"/><line number="307" hits="108"/><line number="308" hits="108"/><line number="309" hits="108"/><line number="313" hits="12"/><line number="317" hits="12"/><line number="327" hits="24"/><line number="330" hits="48"/><line number="331" hits="24"/><line number="332" hits="12"/><line number="333" hits="12"/><line number="334" hits="12"/><line number="335" hits="12"/><line number="339" hits="48"/><line number="340" hits="24"/><line number="341" hits="12"/><line number="342" hits="24"/><line number="343" hits="24"/><line number="344" hits="12"/><line number="348" hits="24"/><line number="349" hits="336"/><line number="350" hits="432"/><line number="351" hits="540"/><line number="352" hits="432"/><line number="353" hits="216"/><line number="354" hits="108"/><line number="355" hits="108"/><line number="356" hits="108"/><line number="361" hits="24"/><line number="362" hits="408"/><line number="363" hits="528"/><line number="364" hits="660"/><line number="365" hits="528"/><line number="366" hits="264"/><line number="367" hits="132"/><line number="368" hits="132"/><line number="369" hits="132"/><line number="374" hits="48"/><line number="375" hits="24"/><line number="376" hits="24"/><line number="377" hits="12"/><line number="380" hits="48"/><line number="381" hits="24"/><line number="382" hits="48"/><line number="385" hits="12"/><line number="389" hits="11"/><line number="390" hits="22"/><line number="392" hits="22"/><line number="394" hits="12"/><line number="395" hits="3"/><line number="398" hits="12"/><line number="399" hits="3"/><line number="402" hits="12"/><line number="403" hits="3"/><line number="404" hits="1"/><line number="408" hits="27"/><line number="409" hits="16"/><line number="410" hits="16"/><line number="413" hits="11"/><line number="414" hits="0"/><line number="415" hits="0"/><line number="416" hits="0"/><line number="420" hits="22"/><line number="421" hits="0"/><line number="422" hits="0"/><line number="425" hits="22"/><line number="429" hits="9"/><line number="430" hits="9"/><line number="431" hits="2"/><line number="432" hits="8"/><line number="433" hits="0"/><line number="434" hits="8"/><line number="435" hits="0"/><line number="437" hits="16"/><line number="442" hits="9"/><line number="443" hits="9"/><line number="444" hits="2"/><line number="445" hits="8"/><line number="446" hits="0"/><line number="447" hits="8"/><line number="448" hits="14"/><line number="450" hits="2"/><line number="455" hits="9"/><line number="456" hits="18"/><line number="457" hits="9"/><line number="458" hits="2"/><line number="459" hits="8"/><line number="460" hits="0"/><line number="461" hits="8"/><line number="462" hits="0"/><line number="464" hits="16"/></lines></class><class name="step_response" filename="src/bin/pid_tuner_helper/step_response.rs" line-rate="0" branch-rate="0" complexity="0"><methods/><lines><line number="30" hits="0"/><line number="31" hits="0"/><line number="33" hits="0"/><line number="34" hits="0"/><line number="35" hits="0"/><line number="36" hits="0"/><line number="38" hits="0"/><line number="39" hits="0"/><line number="42" hits="0"/><line number="44" hits="0"/><line number="45" hits="0"/><line number="48" hits="0"/><line number="50" hits="0"/><line number="51" hits="0"/><line number="53" hits="0"/><line number="54" hits="0"/><line number="55" hits="0"/><line number="56" hits="0"/><line number="57" hits="0"/><line number="58" hits="0"/><line number="59" hits="0"/><line number="60" hits="0"/><line number="63" hits="0"/><line number="64" hits="0"/><line number="65" hits="0"/><line number="66" hits="0"/><line number="75" hits="0"/><line number="80" hits="0"/><line number="81" hits="0"/><line number="82" hits="0"/><line number="84" hits="0"/><line number="85" hits="0"/><line number="86" hits="0"/><line number="87" hits="0"/><line number="89" hits="0"/><line number="90" hits="0"/><line number="91" hits="0"/><line number="94" hits="0"/><line number="95" hits="0"/><line number="96" hits="0"/><line number="97" hits="0"/><line number="99" hits="0"/><line number="100" hits="0"/><line number="101" hits="0"/><line number="102" hits="0"/><line number="104" hits="0"/><line number="108" hits="0"/><line number="109" hits="0"/><line number="111" hits="0"/><line number="112" hits="0"/><line number="115" hits="0"/><line number="118" hits="0"/><line number="119" hits="0"/><line number="122" hits="0"/><line number="123" hits="0"/><line number="124" hits="0"/><line number="127" hits="0"/><line number="130" hits="0"/><line number="131" hits="0"/><line number="132" hits="0"/><line number="133" hits="0"/><line number="135" hits="0"/><line number="136" hits="0"/><line number="141" hits="0"/><line number="142" hits="0"/><line number="143" hits="0"/><line number="144" hits="0"/><line number="149" hits="0"/><line number="153" hits="0"/><line number="155" hits="0"/><line number="156" hits="0"/><line number="157" hits="0"/><line number="158" hits="0"/><line number="159" hits="0"/><line number="162" hits="0"/><line number="163" hits="0"/><line number="164" hits="0"/><line number="165" hits="0"/><line number="166" hits="0"/><line number="172" hits="0"/><line number="176" hits="0"/><line number="177" hits="0"/></lines></class><class name="tuning_algorithms" filename="src/bin/pid_tuner_helper/tuning_algorithms.rs" line-rate="0.875" branch-rate="0" complexity="0"><methods/><lines><line number="36" hits="3"/><line number="37" hits="6"/><line number="38" hits="6"/><line number="39" hits="6"/><line number="42" hits="3"/><line number="43" hits="1"/><line number="45" hits="2"/><line number="46" hits="0"/><line number="48" hits="2"/><line number="49" hits="0"/><line number="53" hits="6"/><line number="56" hits="6"/><line number="57" hits="4"/><line number="58" hits="4"/><line number="61" hits="6"/><line number="62" hits="6"/><line number="63" hits="6"/><line number="65" hits="2"/><line number="66" hits="2"/><line number="67" hits="2"/><line number="68" hits="2"/><line number="69" hits="2"/><line number="70" hits="2"/><line number="71" hits="2"/><line number="73" hits="4"/><line number="94" hits="1"/><line number="95" hits="2"/><line number="96" hits="2"/><line number="97" hits="2"/><line number="100" hits="1"/><line number="101" hits="0"/><line number="103" hits="1"/><line number="104" hits="0"/><line number="106" hits="1"/><line number="107" hits="0"/><line number="111" hits="3"/><line number="114" hits="2"/><line number="117" hits="3"/><line number="118" hits="1"/><line number="119" hits="2"/><line number="120" hits="2"/><line number="121" hits="2"/><line number="124" hits="3"/><line number="125" hits="3"/><line number="126" hits="3"/><line number="128" hits="1"/><line number="129" hits="1"/><line number="130" hits="1"/><line number="131" hits="1"/><line number="132" hits="1"/><line number="133" hits="1"/><line number="134" hits="1"/><line number="135" hits="1"/><line number="137" hits="2"/><line number="146" hits="0"/><line number="154" hits="0"/></lines></class></classes></package><package name="oxide-auth-patched/oxide-auth-db/src/primitives" line-rate="0" branch-rate="0" complexity="0"><classes><class name="db_registrar" filename="oxide-auth-patched/oxide-auth-db/src/primitives/db_registrar.rs" line-rate="0" branch-rate="0" complexity="0"><methods/><lines><line number="57" hits="0"/><line number="58" hits="0"/><line number="62" hits="0"/><line number="63" hits="0"/><line number="65" hits="0"/><line number="66" hits="0"/><line number="75" hits="0"/><line number="76" hits="0"/><line number="82" hits="0"/><line number="83" hits="0"/><line number="84" hits="0"/><line number="85" hits="0"/><line number="88" hits="0"/><line number="89" hits="0"/><line number="90" hits="0"/><line number="91" hits="0"/><line number="92" hits="0"/><line number="93" hits="0"/><line number="94" hits="0"/><line number="95" hits="0"/><line number="97" hits="0"/><line number="99" hits="0"/><line number="103" hits="0"/><line number="104" hits="0"/><line number="105" hits="0"/><line number="112" hits="0"/><line number="113" hits="0"/><line number="114" hits="0"/><line number="115" hits="0"/><line number="116" hits="0"/><line number="117" hits="0"/><line number="118" hits="0"/><line number="119" hits="0"/></lines></class></classes></package><package name="oxide-auth-patched/oxide-auth-iron/examples" line-rate="0" branch-rate="0" complexity="0"><classes></classes></package><package name="src/visualization/auth/guards" line-rate="0.8048780487804879" branch-rate="0" complexity="0"><classes><class name="bearer" filename="src/visualization/auth/guards/bearer.rs" line-rate="0.8048780487804879" branch-rate="0" complexity="0"><methods/><lines><line number="111" hits="192"/><line number="113" hits="384"/><line number="116" hits="368"/><line number="117" hits="160"/><line number="118" hits="0"/><line number="119" hits="16"/><line number="120" hits="16"/><line number="121" hits="16"/><line number="125" hits="320"/><line number="127" hits="136"/><line number="128" hits="112"/><line number="130" hits="224"/><line number="131" hits="112"/><line number="132" hits="0"/><line number="133" hits="0"/><line number="134" hits="0"/><line number="135" hits="0"/><line number="140" hits="168"/><line number="141" hits="112"/><line number="142" hits="56"/><line number="143" hits="112"/><line number="146" hits="0"/><line number="149" hits="112"/><line number="150" hits="56"/><line number="151" hits="280"/><line number="153" hits="0"/><line number="155" hits="56"/><line number="156" hits="280"/><line number="157" hits="112"/><line number="158" hits="168"/><line number="159" hits="168"/><line number="160" hits="56"/><line number="162" hits="0"/><line number="163" hits="0"/><line number="164" hits="0"/><line number="167" hits="0"/><line number="168" hits="0"/><line number="169" hits="0"/><line number="173" hits="0"/><line number="174" hits="0"/><line number="175" hits="0"/><line number="179" hits="24"/><line number="180" hits="24"/><line number="181" hits="24"/><line number="214" hits="56"/><line number="215" hits="56"/><line number="216" hits="56"/><line number="218" hits="224"/><line number="224" hits="2712"/><line number="231" hits="5424"/><line number="238" hits="5424"/><line number="243" hits="5424"/><line number="253" hits="5424"/><line number="255" hits="13560"/><line number="257" hits="2712"/><line number="258" hits="8136"/><line number="259" hits="2712"/><line number="260" hits="2712"/><line number="264" hits="2712"/><line number="269" hits="5424"/><line number="272" hits="5424"/><line number="273" hits="5424"/><line number="274" hits="2712"/><line number="275" hits="8136"/><line number="276" hits="5424"/><line number="277" hits="8136"/><line number="278" hits="2712"/><line number="279" hits="2712"/><line number="281" hits="2712"/><line number="284" hits="2712"/><line number="289" hits="5424"/><line number="290" hits="5424"/><line number="291" hits="2712"/><line number="292" hits="5424"/><line number="293" hits="5424"/><line number="294" hits="5424"/><line number="295" hits="8136"/><line number="296" hits="2712"/><line number="297" hits="2712"/><line number="299" hits="2712"/><line number="302" hits="2712"/><line number="306" hits="2712"/></lines></class></classes></package><package name="src/visualization/api" line-rate="0.36470588235294116" branch-rate="0" complexity="0"><classes></classes></package><package name="oxide-auth-patched/oxide-auth/src/code_grant/extensions" line-rate="0" branch-rate="0" complexity="0"><classes></classes></package></packages></coverage>